This file contains any messages produced by compilers while
running configure, to aid debugging if configure makes a mistake.

It was created by gf2x configure 1.0, which was
generated by GNU Autoconf 2.67.  Invocation command line was

  $ ./configure 

## --------- ##
## Platform. ##
## --------- ##

hostname = Eli-U-PC
uname -m = i686
uname -r = 1.7.8(0.236/5/3)
uname -s = CYGWIN_NT-6.1-WOW64
uname -v = 2011-03-01 09:36

/usr/bin/uname -p = unknown
/bin/uname -X     = unknown

/bin/arch              = i686
/usr/bin/arch -k       = unknown
/usr/convex/getsysinfo = unknown
/usr/bin/hostinfo      = unknown
/bin/machine           = unknown
/usr/bin/oslevel       = unknown
/bin/universe          = unknown

PATH: /usr/local/bin
PATH: /usr/bin
PATH: /cygdrive/c/Program Files (x86)/MiKTeX 2.9/miktex/bin
PATH: /cygdrive/c/Python27
PATH: /cygdrive/c/Python27/Scripts
PATH: /cygdrive/c/Windows/system32
PATH: /cygdrive/c/Windows
PATH: /cygdrive/c/Windows/System32/Wbem
PATH: /cygdrive/c/Windows/System32/WindowsPowerShell/v1.0
PATH: /cygdrive/c/Program Files (x86)/Microsoft SQL Server/100/Tools/Binn
PATH: /cygdrive/c/Program Files/Microsoft SQL Server/100/Tools/Binn
PATH: /cygdrive/c/Program Files/Microsoft SQL Server/100/DTS/Binn
PATH: /cygdrive/c/Users/Eli-U/AppData/Roaming/Python/Scripts
PATH: /usr/lib/lapack


## ----------- ##
## Core tests. ##
## ----------- ##

configure:2582: checking build system type
configure:2596: result: i686-pc-cygwin
configure:2616: checking host system type
configure:2629: result: i686-pc-cygwin
configure:2649: checking target system type
configure:2662: result: i686-pc-cygwin
configure:2708: checking for a BSD-compatible install
configure:2776: result: /usr/bin/install -c
configure:2787: checking whether build environment is sane
configure:2837: result: yes
configure:2978: checking for a thread-safe mkdir -p
configure:3017: result: /usr/bin/mkdir -p
configure:3030: checking for gawk
configure:3046: found /usr/bin/gawk
configure:3057: result: gawk
configure:3068: checking whether make sets $(MAKE)
configure:3090: result: yes
configure:3208: checking for style of include used by make
configure:3236: result: GNU
configure:3306: checking for gcc
configure:3322: found /usr/bin/gcc
configure:3333: result: gcc
configure:3562: checking for C compiler version
configure:3571: gcc --version >&5
gcc (GCC) 4.3.4 20090804 (release) 1
Copyright (C) 2008 Free Software Foundation, Inc.
This is free software; see the source for copying conditions.  There is NO
warranty; not even for MERCHANTABILITY or FITNESS FOR A PARTICULAR PURPOSE.

configure:3582: $? = 0
configure:3571: gcc -v >&5
Using built-in specs.
Target: i686-pc-cygwin
Configured with: /gnu/gcc/releases/respins/4.3.4-3a/gcc4-4.3.4-3/src/gcc-4.3.4/configure --srcdir=/gnu/gcc/releases/respins/4.3.4-3a/gcc4-4.3.4-3/src/gcc-4.3.4 --prefix=/usr --exec-prefix=/usr --bindir=/usr/bin --sbindir=/usr/sbin --libexecdir=/usr/lib --datadir=/usr/share --localstatedir=/var --sysconfdir=/etc --infodir=/usr/share/info --mandir=/usr/share/man --datadir=/usr/share --infodir=/usr/share/info --mandir=/usr/share/man -v --with-gmp=/usr --with-mpfr=/usr --enable-bootstrap --enable-version-specific-runtime-libs --with-slibdir=/usr/bin --libexecdir=/usr/lib --enable-static --enable-shared --enable-shared-libgcc --disable-__cxa_atexit --with-gnu-ld --with-gnu-as --with-dwarf2 --disable-sjlj-exceptions --enable-languages=ada,c,c++,fortran,java,objc,obj-c++ --disable-symvers --enable-libjava --program-suffix=-4 --enable-libgomp --enable-libssp --enable-libada --enable-threads=posix --with-arch=i686 --with-tune=generic --enable-libgcj-sublibs CC=gcc-4 CXX=g++-4 CC_FOR_TARGET=gcc-4 CXX_FOR_TARGET=g++-4 GNATMAKE_FOR_TARGET=gnatmake GNATBIND_FOR_TARGET=gnatbind --with-ecj-jar=/usr/share/java/ecj.jar
Thread model: posix
gcc version 4.3.4 20090804 (release) 1 (GCC) 
configure:3582: $? = 0
configure:3571: gcc -V >&5
gcc: '-V' option must have argument
configure:3582: $? = 1
configure:3571: gcc -qversion >&5
gcc: unrecognized option '-qversion'
gcc: no input files
configure:3582: $? = 1
configure:3602: checking whether the C compiler works
configure:3624: gcc -g -O4   conftest.c  >&5
configure:3628: $? = 0
configure:3676: result: yes
configure:3679: checking for C compiler default output file name
configure:3681: result: a.exe
configure:3687: checking for suffix of executables
configure:3694: gcc -o conftest.exe -g -O4   conftest.c  >&5
configure:3698: $? = 0
configure:3720: result: .exe
configure:3742: checking whether we are cross compiling
configure:3750: gcc -o conftest.exe -g -O4   conftest.c  >&5
configure:3754: $? = 0
configure:3761: ./conftest.exe
configure:3765: $? = 0
configure:3780: result: no
configure:3785: checking for suffix of object files
configure:3807: gcc -c -g -O4  conftest.c >&5
configure:3811: $? = 0
configure:3832: result: o
configure:3836: checking whether we are using the GNU C compiler
configure:3855: gcc -c -g -O4  conftest.c >&5
configure:3855: $? = 0
configure:3864: result: yes
configure:3873: checking whether gcc accepts -g
configure:3893: gcc -c -g  conftest.c >&5
configure:3893: $? = 0
configure:3934: result: yes
configure:3951: checking for gcc option to accept ISO C89
configure:4015: gcc  -c -g -O4  conftest.c >&5
configure:4015: $? = 0
configure:4028: result: none needed
configure:4050: checking dependency style of gcc
configure:4160: result: gcc3
configure:4175: checking for a sed that does not truncate output
configure:4239: result: /usr/bin/sed
configure:4257: checking for grep that handles long lines and -e
configure:4315: result: /usr/bin/grep
configure:4320: checking for egrep
configure:4382: result: /usr/bin/grep -E
configure:4387: checking for fgrep
configure:4449: result: /usr/bin/grep -F
configure:4484: checking for ld used by gcc
configure:4551: result: /usr/i686-pc-cygwin/bin/ld.exe
configure:4558: checking if the linker (/usr/i686-pc-cygwin/bin/ld.exe) is GNU ld
configure:4573: result: yes
configure:4585: checking for BSD- or MS-compatible name lister (nm)
configure:4634: result: /usr/bin/nm -B
configure:4752: checking the name lister (/usr/bin/nm -B) interface
configure:4759: gcc -c -g -O4  conftest.c >&5
configure:4762: /usr/bin/nm -B "conftest.o"
configure:4765: output
00000000 b .bss
00000000 d .data
00000000 N .debug_abbrev
00000000 N .debug_info
00000000 N .debug_line
00000000 N .debug_pubnames
00000000 t .text
00000000 B _some_variable
configure:4772: result: BSD nm
configure:4775: checking whether ln -s works
configure:4779: result: yes
configure:4787: checking the maximum length of command line arguments
configure:4907: result: 8192
configure:4924: checking whether the shell understands some XSI constructs
configure:4934: result: yes
configure:4938: checking whether the shell understands "+="
configure:4944: result: yes
configure:4979: checking for /usr/i686-pc-cygwin/bin/ld.exe option to reload object files
configure:4986: result: -r
configure:5055: checking for objdump
configure:5071: found /usr/bin/objdump
configure:5082: result: objdump
configure:5114: checking how to recognize dependent libraries
configure:5310: result: file_magic ^x86 archive import|^x86 DLL
configure:5370: checking for ar
configure:5386: found /usr/bin/ar
configure:5397: result: ar
configure:5475: checking for strip
configure:5491: found /usr/bin/strip
configure:5502: result: strip
configure:5574: checking for ranlib
configure:5590: found /usr/bin/ranlib
configure:5601: result: ranlib
configure:5691: checking command to parse /usr/bin/nm -B output from gcc object
configure:5809: gcc -c -g -O4  conftest.c >&5
configure:5812: $? = 0
configure:5816: /usr/bin/nm -B conftest.o \| sed -n -e 's/^.*[	 ]\([ABCDGIRSTW][ABCDGIRSTW]*\)[	 ][	 ]*\([_A-Za-z][_A-Za-z0-9]*\)$/\1 \2 \2/p' \> conftest.nm
configure:5819: $? = 0
cannot find nm_test_var in conftest.nm
configure:5809: gcc -c -g -O4  conftest.c >&5
configure:5812: $? = 0
configure:5816: /usr/bin/nm -B conftest.o \| sed -n -e 's/^.*[	 ]\([ABCDGIRSTW][ABCDGIRSTW]*\)[	 ][	 ]*_\([_A-Za-z][_A-Za-z0-9]*\)$/\1 _\2 \2/p' \> conftest.nm
configure:5819: $? = 0
configure:5873: gcc -o conftest.exe -g -O4   conftest.c conftstm.o >&5
configure:5876: $? = 0
configure:5914: result: ok
configure:6723: checking how to run the C preprocessor
configure:6754: gcc -E  conftest.c
configure:6754: $? = 0
configure:6768: gcc -E  conftest.c
conftest.c:11:28: error: ac_nonexistent.h: No such file or directory
configure:6768: $? = 1
configure: failed program was:
| /* confdefs.h */
| #define PACKAGE_NAME "gf2x"
| #define PACKAGE_TARNAME "gf2x"
| #define PACKAGE_VERSION "1.0"
| #define PACKAGE_STRING "gf2x 1.0"
| #define PACKAGE_BUGREPORT ""
| #define PACKAGE_URL ""
| #define PACKAGE "gf2x"
| #define VERSION "1.0"
| /* end confdefs.h.  */
| #include <ac_nonexistent.h>
configure:6793: result: gcc -E
configure:6813: gcc -E  conftest.c
configure:6813: $? = 0
configure:6827: gcc -E  conftest.c
conftest.c:11:28: error: ac_nonexistent.h: No such file or directory
configure:6827: $? = 1
configure: failed program was:
| /* confdefs.h */
| #define PACKAGE_NAME "gf2x"
| #define PACKAGE_TARNAME "gf2x"
| #define PACKAGE_VERSION "1.0"
| #define PACKAGE_STRING "gf2x 1.0"
| #define PACKAGE_BUGREPORT ""
| #define PACKAGE_URL ""
| #define PACKAGE "gf2x"
| #define VERSION "1.0"
| /* end confdefs.h.  */
| #include <ac_nonexistent.h>
configure:6856: checking for ANSI C header files
configure:6876: gcc -c -g -O4  conftest.c >&5
configure:6876: $? = 0
configure:6949: gcc -o conftest.exe -g -O4   conftest.c  >&5
/usr/lib/gcc/i686-pc-cygwin/4.3.4/../../../../i686-pc-cygwin/bin/ld: reopening conftest.exe: Device or resource busy

/usr/lib/gcc/i686-pc-cygwin/4.3.4/../../../../i686-pc-cygwin/bin/ld: final link failed: Device or resource busy
collect2: ld returned 1 exit status
configure:6949: $? = 1
configure: program exited with status 1
configure: failed program was:
| /* confdefs.h */
| #define PACKAGE_NAME "gf2x"
| #define PACKAGE_TARNAME "gf2x"
| #define PACKAGE_VERSION "1.0"
| #define PACKAGE_STRING "gf2x 1.0"
| #define PACKAGE_BUGREPORT ""
| #define PACKAGE_URL ""
| #define PACKAGE "gf2x"
| #define VERSION "1.0"
| /* end confdefs.h.  */
| #include <ctype.h>
| #include <stdlib.h>
| #if ((' ' & 0x0FF) == 0x020)
| # define ISLOWER(c) ('a' <= (c) && (c) <= 'z')
| # define TOUPPER(c) (ISLOWER(c) ? 'A' + ((c) - 'a') : (c))
| #else
| # define ISLOWER(c) 		   (('a' <= (c) && (c) <= 'i') 		     || ('j' <= (c) && (c) <= 'r') 		     || ('s' <= (c) && (c) <= 'z'))
| # define TOUPPER(c) (ISLOWER(c) ? ((c) | 0x40) : (c))
| #endif
| 
| #define XOR(e, f) (((e) && !(f)) || (!(e) && (f)))
| int
| main ()
| {
|   int i;
|   for (i = 0; i < 256; i++)
|     if (XOR (islower (i), ISLOWER (i))
| 	|| toupper (i) != TOUPPER (i))
|       return 2;
|   return 0;
| }
configure:6960: result: no
configure:6973: checking for sys/types.h
configure:6973: gcc -c -g -O4  conftest.c >&5
configure:6973: $? = 0
configure:6973: result: yes
configure:6973: checking for sys/stat.h
configure:6973: gcc -c -g -O4  conftest.c >&5
configure:6973: $? = 0
configure:6973: result: yes
configure:6973: checking for stdlib.h
configure:6973: gcc -c -g -O4  conftest.c >&5
configure:6973: $? = 0
configure:6973: result: yes
configure:6973: checking for string.h
configure:6973: gcc -c -g -O4  conftest.c >&5
configure:6973: $? = 0
configure:6973: result: yes
configure:6973: checking for memory.h
configure:6973: gcc -c -g -O4  conftest.c >&5
configure:6973: $? = 0
configure:6973: result: yes
configure:6973: checking for strings.h
configure:6973: gcc -c -g -O4  conftest.c >&5
configure:6973: $? = 0
configure:6973: result: yes
configure:6973: checking for inttypes.h
configure:6973: gcc -c -g -O4  conftest.c >&5
configure:6973: $? = 0
configure:6973: result: yes
configure:6973: checking for stdint.h
configure:6973: gcc -c -g -O4  conftest.c >&5
configure:6973: $? = 0
configure:6973: result: yes
configure:6973: checking for unistd.h
configure:6973: gcc -c -g -O4  conftest.c >&5
configure:6973: $? = 0
configure:6973: result: yes
configure:6987: checking for dlfcn.h
configure:6987: gcc -c -g -O4  conftest.c >&5
configure:6987: $? = 0
configure:6987: result: yes
configure:7171: checking for objdir
configure:7186: result: .libs
configure:7482: checking if gcc supports -fno-rtti -fno-exceptions
configure:7500: gcc -c -g -O4  -fno-rtti -fno-exceptions conftest.c >&5
cc1: warning: command line option "-fno-rtti" is valid for C++/ObjC++ but not for C
configure:7504: $? = 0
configure:7517: result: no
configure:7537: checking for gcc option to produce PIC
configure:7809: result: -DDLL_EXPORT -DPIC
configure:7821: checking if gcc PIC flag -DDLL_EXPORT -DPIC works
configure:7839: gcc -c -g -O4  -DDLL_EXPORT -DPIC -DPIC conftest.c >&5
configure:7843: $? = 0
configure:7856: result: yes
configure:7880: checking if gcc static flag -static works
configure:7908: result: no
configure:7923: checking if gcc supports -c -o file.o
configure:7944: gcc -c -g -O4  -o out/conftest2.o conftest.c >&5
configure:7948: $? = 0
configure:7970: result: yes
configure:7978: checking if gcc supports -c -o file.o
configure:8025: result: yes
configure:8058: checking whether the gcc linker (/usr/i686-pc-cygwin/bin/ld.exe) supports shared libraries
configure:9049: result: yes
configure:9086: checking whether -lc should be explicitly linked in
configure:9091: gcc -c -g -O4  conftest.c >&5
configure:9094: $? = 0
configure:9109: gcc -shared conftest.o  -v -o ./conftest -Wl,--enable-auto-image-base -Xlinker --out-implib -Xlinker conftest 2\>\&1 \| /usr/bin/grep  -lc  \>/dev/null 2\>\&1
configure:9112: $? = 1
configure:9124: result: yes
configure:9288: checking dynamic linker characteristics
configure:9951: result: Win32 ld.exe
configure:10053: checking how to hardcode library paths into programs
configure:10078: result: immediate
configure:10598: checking whether stripping libraries is possible
configure:10603: result: yes
configure:10638: checking if libtool supports shared libraries
configure:10640: result: yes
configure:10643: checking whether to build shared libraries
configure:10664: result: yes
configure:10667: checking whether to build static libraries
configure:10671: result: yes
configure:10781: checking for gcc
configure:10808: result: gcc
configure:11037: checking for C compiler version
configure:11046: gcc --version >&5
gcc (GCC) 4.3.4 20090804 (release) 1
Copyright (C) 2008 Free Software Foundation, Inc.
This is free software; see the source for copying conditions.  There is NO
warranty; not even for MERCHANTABILITY or FITNESS FOR A PARTICULAR PURPOSE.

configure:11057: $? = 0
configure:11046: gcc -v >&5
Using built-in specs.
Target: i686-pc-cygwin
Configured with: /gnu/gcc/releases/respins/4.3.4-3a/gcc4-4.3.4-3/src/gcc-4.3.4/configure --srcdir=/gnu/gcc/releases/respins/4.3.4-3a/gcc4-4.3.4-3/src/gcc-4.3.4 --prefix=/usr --exec-prefix=/usr --bindir=/usr/bin --sbindir=/usr/sbin --libexecdir=/usr/lib --datadir=/usr/share --localstatedir=/var --sysconfdir=/etc --infodir=/usr/share/info --mandir=/usr/share/man --datadir=/usr/share --infodir=/usr/share/info --mandir=/usr/share/man -v --with-gmp=/usr --with-mpfr=/usr --enable-bootstrap --enable-version-specific-runtime-libs --with-slibdir=/usr/bin --libexecdir=/usr/lib --enable-static --enable-shared --enable-shared-libgcc --disable-__cxa_atexit --with-gnu-ld --with-gnu-as --with-dwarf2 --disable-sjlj-exceptions --enable-languages=ada,c,c++,fortran,java,objc,obj-c++ --disable-symvers --enable-libjava --program-suffix=-4 --enable-libgomp --enable-libssp --enable-libada --enable-threads=posix --with-arch=i686 --with-tune=generic --enable-libgcj-sublibs CC=gcc-4 CXX=g++-4 CC_FOR_TARGET=gcc-4 CXX_FOR_TARGET=g++-4 GNATMAKE_FOR_TARGET=gnatmake GNATBIND_FOR_TARGET=gnatbind --with-ecj-jar=/usr/share/java/ecj.jar
Thread model: posix
gcc version 4.3.4 20090804 (release) 1 (GCC) 
configure:11057: $? = 0
configure:11046: gcc -V >&5
gcc: '-V' option must have argument
configure:11057: $? = 1
configure:11046: gcc -qversion >&5
gcc: unrecognized option '-qversion'
gcc: no input files
configure:11057: $? = 1
configure:11061: checking whether we are using the GNU C compiler
configure:11089: result: yes
configure:11098: checking whether gcc accepts -g
configure:11159: result: yes
configure:11176: checking for gcc option to accept ISO C89
configure:11253: result: none needed
configure:11275: checking dependency style of gcc
configure:11385: result: gcc3
configure:11458: checking for g++
configure:11474: found /usr/bin/g++
configure:11485: result: g++
configure:11512: checking for C++ compiler version
configure:11521: g++ --version >&5
g++ (GCC) 4.3.4 20090804 (release) 1
Copyright (C) 2008 Free Software Foundation, Inc.
This is free software; see the source for copying conditions.  There is NO
warranty; not even for MERCHANTABILITY or FITNESS FOR A PARTICULAR PURPOSE.

configure:11532: $? = 0
configure:11521: g++ -v >&5
Using built-in specs.
Target: i686-pc-cygwin
Configured with: /gnu/gcc/releases/respins/4.3.4-3a/gcc4-4.3.4-3/src/gcc-4.3.4/configure --srcdir=/gnu/gcc/releases/respins/4.3.4-3a/gcc4-4.3.4-3/src/gcc-4.3.4 --prefix=/usr --exec-prefix=/usr --bindir=/usr/bin --sbindir=/usr/sbin --libexecdir=/usr/lib --datadir=/usr/share --localstatedir=/var --sysconfdir=/etc --infodir=/usr/share/info --mandir=/usr/share/man --datadir=/usr/share --infodir=/usr/share/info --mandir=/usr/share/man -v --with-gmp=/usr --with-mpfr=/usr --enable-bootstrap --enable-version-specific-runtime-libs --with-slibdir=/usr/bin --libexecdir=/usr/lib --enable-static --enable-shared --enable-shared-libgcc --disable-__cxa_atexit --with-gnu-ld --with-gnu-as --with-dwarf2 --disable-sjlj-exceptions --enable-languages=ada,c,c++,fortran,java,objc,obj-c++ --disable-symvers --enable-libjava --program-suffix=-4 --enable-libgomp --enable-libssp --enable-libada --enable-threads=posix --with-arch=i686 --with-tune=generic --enable-libgcj-sublibs CC=gcc-4 CXX=g++-4 CC_FOR_TARGET=gcc-4 CXX_FOR_TARGET=g++-4 GNATMAKE_FOR_TARGET=gnatmake GNATBIND_FOR_TARGET=gnatbind --with-ecj-jar=/usr/share/java/ecj.jar
Thread model: posix
gcc version 4.3.4 20090804 (release) 1 (GCC) 
configure:11532: $? = 0
configure:11521: g++ -V >&5
g++: '-V' option must have argument
configure:11532: $? = 1
configure:11521: g++ -qversion >&5
g++: unrecognized option '-qversion'
g++: no input files
configure:11532: $? = 1
configure:11536: checking whether we are using the GNU C++ compiler
configure:11555: g++ -c   conftest.cpp >&5
configure:11555: $? = 0
configure:11564: result: yes
configure:11573: checking whether g++ accepts -g
configure:11593: g++ -c -g  conftest.cpp >&5
configure:11593: $? = 0
configure:11634: result: yes
configure:11659: checking dependency style of g++
configure:11769: result: gcc3
configure:11897: checking for C++ compiler version
configure:11906: g++ --version >&5
g++ (GCC) 4.3.4 20090804 (release) 1
Copyright (C) 2008 Free Software Foundation, Inc.
This is free software; see the source for copying conditions.  There is NO
warranty; not even for MERCHANTABILITY or FITNESS FOR A PARTICULAR PURPOSE.

configure:11917: $? = 0
configure:11906: g++ -v >&5
Using built-in specs.
Target: i686-pc-cygwin
Configured with: /gnu/gcc/releases/respins/4.3.4-3a/gcc4-4.3.4-3/src/gcc-4.3.4/configure --srcdir=/gnu/gcc/releases/respins/4.3.4-3a/gcc4-4.3.4-3/src/gcc-4.3.4 --prefix=/usr --exec-prefix=/usr --bindir=/usr/bin --sbindir=/usr/sbin --libexecdir=/usr/lib --datadir=/usr/share --localstatedir=/var --sysconfdir=/etc --infodir=/usr/share/info --mandir=/usr/share/man --datadir=/usr/share --infodir=/usr/share/info --mandir=/usr/share/man -v --with-gmp=/usr --with-mpfr=/usr --enable-bootstrap --enable-version-specific-runtime-libs --with-slibdir=/usr/bin --libexecdir=/usr/lib --enable-static --enable-shared --enable-shared-libgcc --disable-__cxa_atexit --with-gnu-ld --with-gnu-as --with-dwarf2 --disable-sjlj-exceptions --enable-languages=ada,c,c++,fortran,java,objc,obj-c++ --disable-symvers --enable-libjava --program-suffix=-4 --enable-libgomp --enable-libssp --enable-libada --enable-threads=posix --with-arch=i686 --with-tune=generic --enable-libgcj-sublibs CC=gcc-4 CXX=g++-4 CC_FOR_TARGET=gcc-4 CXX_FOR_TARGET=g++-4 GNATMAKE_FOR_TARGET=gnatmake GNATBIND_FOR_TARGET=gnatbind --with-ecj-jar=/usr/share/java/ecj.jar
Thread model: posix
gcc version 4.3.4 20090804 (release) 1 (GCC) 
configure:11917: $? = 0
configure:11906: g++ -V >&5
g++: '-V' option must have argument
configure:11917: $? = 1
configure:11906: g++ -qversion >&5
g++: unrecognized option '-qversion'
g++: no input files
configure:11917: $? = 1
configure:11921: checking whether we are using the GNU C++ compiler
configure:11949: result: yes
configure:11958: checking whether g++ accepts -g
configure:12019: result: yes
configure:12044: checking dependency style of g++
configure:12154: result: gcc3
configure:12177: checking how to run the C++ preprocessor
configure:12204: g++ -E  conftest.cpp
configure:12204: $? = 0
configure:12218: g++ -E  conftest.cpp
conftest.cpp:22:28: error: ac_nonexistent.h: No such file or directory
configure:12218: $? = 1
configure: failed program was:
| /* confdefs.h */
| #define PACKAGE_NAME "gf2x"
| #define PACKAGE_TARNAME "gf2x"
| #define PACKAGE_VERSION "1.0"
| #define PACKAGE_STRING "gf2x 1.0"
| #define PACKAGE_BUGREPORT ""
| #define PACKAGE_URL ""
| #define PACKAGE "gf2x"
| #define VERSION "1.0"
| #define HAVE_SYS_TYPES_H 1
| #define HAVE_SYS_STAT_H 1
| #define HAVE_STDLIB_H 1
| #define HAVE_STRING_H 1
| #define HAVE_MEMORY_H 1
| #define HAVE_STRINGS_H 1
| #define HAVE_INTTYPES_H 1
| #define HAVE_STDINT_H 1
| #define HAVE_UNISTD_H 1
| #define HAVE_DLFCN_H 1
| #define LT_OBJDIR ".libs/"
| /* end confdefs.h.  */
| #include <ac_nonexistent.h>
configure:12243: result: g++ -E
configure:12263: g++ -E  conftest.cpp
configure:12263: $? = 0
configure:12277: g++ -E  conftest.cpp
conftest.cpp:22:28: error: ac_nonexistent.h: No such file or directory
configure:12277: $? = 1
configure: failed program was:
| /* confdefs.h */
| #define PACKAGE_NAME "gf2x"
| #define PACKAGE_TARNAME "gf2x"
| #define PACKAGE_VERSION "1.0"
| #define PACKAGE_STRING "gf2x 1.0"
| #define PACKAGE_BUGREPORT ""
| #define PACKAGE_URL ""
| #define PACKAGE "gf2x"
| #define VERSION "1.0"
| #define HAVE_SYS_TYPES_H 1
| #define HAVE_SYS_STAT_H 1
| #define HAVE_STDLIB_H 1
| #define HAVE_STRING_H 1
| #define HAVE_MEMORY_H 1
| #define HAVE_STRINGS_H 1
| #define HAVE_INTTYPES_H 1
| #define HAVE_STDINT_H 1
| #define HAVE_UNISTD_H 1
| #define HAVE_DLFCN_H 1
| #define LT_OBJDIR ".libs/"
| /* end confdefs.h.  */
| #include <ac_nonexistent.h>
configure:12445: checking for ld used by g++
configure:12512: result: /usr/i686-pc-cygwin/bin/ld.exe
configure:12519: checking if the linker (/usr/i686-pc-cygwin/bin/ld.exe) is GNU ld
configure:12534: result: yes
configure:12589: checking whether the g++ linker (/usr/i686-pc-cygwin/bin/ld.exe) supports shared libraries
configure:13502: result: yes
configure:13530: g++ -c -g -O2  conftest.cpp >&5
configure:13533: $? = 0
configure:13715: checking for g++ option to produce PIC
configure:14032: result: -DDLL_EXPORT -DPIC
configure:14041: checking if g++ PIC flag -DDLL_EXPORT -DPIC works
configure:14059: g++ -c -g -O2  -DDLL_EXPORT -DPIC -DPIC conftest.cpp >&5
configure:14063: $? = 0
configure:14076: result: yes
configure:14097: checking if g++ static flag -static works
configure:14125: result: no
configure:14137: checking if g++ supports -c -o file.o
configure:14158: g++ -c -g -O2  -o out/conftest2.o conftest.cpp >&5
configure:14162: $? = 0
configure:14184: result: yes
configure:14189: checking if g++ supports -c -o file.o
configure:14236: result: yes
configure:14266: checking whether the g++ linker (/usr/i686-pc-cygwin/bin/ld.exe) supports shared libraries
configure:14295: result: yes
configure:14432: checking dynamic linker characteristics
configure:15043: result: Win32 ld.exe
configure:15094: checking how to hardcode library paths into programs
configure:15119: result: immediate
configure:15159: checking warning verbosity option
configure:15197: result: -Wall -W for C++ -Wall -W for C
configure:15202: checking for gcc option to accept ISO C99
configure:15351: gcc  -c -g -O4 -Wall -W  conftest.c >&5
conftest.c:72: error: expected ';', ',' or ')' before 'text'
conftest.c: In function 'main':
conftest.c:124: warning: implicit declaration of function 'test_restrict'
conftest.c:126: error: expected '=', ',', ';', 'asm' or '__attribute__' before 'newvar'
conftest.c:126: error: 'newvar' undeclared (first use in this function)
conftest.c:126: error: (Each undeclared identifier is reported only once
conftest.c:126: error: for each function it appears in.)
conftest.c:136: error: 'for' loop initial declaration used outside C99 mode
configure:15351: $? = 1
configure: failed program was:
| /* confdefs.h */
| #define PACKAGE_NAME "gf2x"
| #define PACKAGE_TARNAME "gf2x"
| #define PACKAGE_VERSION "1.0"
| #define PACKAGE_STRING "gf2x 1.0"
| #define PACKAGE_BUGREPORT ""
| #define PACKAGE_URL ""
| #define PACKAGE "gf2x"
| #define VERSION "1.0"
| #define HAVE_SYS_TYPES_H 1
| #define HAVE_SYS_STAT_H 1
| #define HAVE_STDLIB_H 1
| #define HAVE_STRING_H 1
| #define HAVE_MEMORY_H 1
| #define HAVE_STRINGS_H 1
| #define HAVE_INTTYPES_H 1
| #define HAVE_STDINT_H 1
| #define HAVE_UNISTD_H 1
| #define HAVE_DLFCN_H 1
| #define LT_OBJDIR ".libs/"
| /* end confdefs.h.  */
| #include <stdarg.h>
| #include <stdbool.h>
| #include <stdlib.h>
| #include <wchar.h>
| #include <stdio.h>
| 
| // Check varargs macros.  These examples are taken from C99 6.10.3.5.
| #define debug(...) fprintf (stderr, __VA_ARGS__)
| #define showlist(...) puts (#__VA_ARGS__)
| #define report(test,...) ((test) ? puts (#test) : printf (__VA_ARGS__))
| static void
| test_varargs_macros (void)
| {
|   int x = 1234;
|   int y = 5678;
|   debug ("Flag");
|   debug ("X = %d\n", x);
|   showlist (The first, second, and third items.);
|   report (x>y, "x is %d but y is %d", x, y);
| }
| 
| // Check long long types.
| #define BIG64 18446744073709551615ull
| #define BIG32 4294967295ul
| #define BIG_OK (BIG64 / BIG32 == 4294967297ull && BIG64 % BIG32 == 0)
| #if !BIG_OK
|   your preprocessor is broken;
| #endif
| #if BIG_OK
| #else
|   your preprocessor is broken;
| #endif
| static long long int bignum = -9223372036854775807LL;
| static unsigned long long int ubignum = BIG64;
| 
| struct incomplete_array
| {
|   int datasize;
|   double data[];
| };
| 
| struct named_init {
|   int number;
|   const wchar_t *name;
|   double average;
| };
| 
| typedef const char *ccp;
| 
| static inline int
| test_restrict (ccp restrict text)
| {
|   // See if C++-style comments work.
|   // Iterate through items via the restricted pointer.
|   // Also check for declarations in for loops.
|   for (unsigned int i = 0; *(text+i) != '\0'; ++i)
|     continue;
|   return 0;
| }
| 
| // Check varargs and va_copy.
| static void
| test_varargs (const char *format, ...)
| {
|   va_list args;
|   va_start (args, format);
|   va_list args_copy;
|   va_copy (args_copy, args);
| 
|   const char *str;
|   int number;
|   float fnumber;
| 
|   while (*format)
|     {
|       switch (*format++)
| 	{
| 	case 's': // string
| 	  str = va_arg (args_copy, const char *);
| 	  break;
| 	case 'd': // int
| 	  number = va_arg (args_copy, int);
| 	  break;
| 	case 'f': // float
| 	  fnumber = va_arg (args_copy, double);
| 	  break;
| 	default:
| 	  break;
| 	}
|     }
|   va_end (args_copy);
|   va_end (args);
| }
| 
| int
| main ()
| {
| 
|   // Check bool.
|   _Bool success = false;
| 
|   // Check restrict.
|   if (test_restrict ("String literal") == 0)
|     success = true;
|   char *restrict newvar = "Another string";
| 
|   // Check varargs.
|   test_varargs ("s, d' f .", "string", 65, 34.234);
|   test_varargs_macros ();
| 
|   // Check flexible array members.
|   struct incomplete_array *ia =
|     malloc (sizeof (struct incomplete_array) + (sizeof (double) * 10));
|   ia->datasize = 10;
|   for (int i = 0; i < ia->datasize; ++i)
|     ia->data[i] = i * 1.234;
| 
|   // Check named initializers.
|   struct named_init ni = {
|     .number = 34,
|     .name = L"Test wide string",
|     .average = 543.34343,
|   };
| 
|   ni.number = 58;
| 
|   int dynamic_array[ni.number];
|   dynamic_array[ni.number - 1] = 543;
| 
|   // work around unused variable warnings
|   return (!success || bignum == 0LL || ubignum == 0uLL || newvar[0] == 'x'
| 	  || dynamic_array[ni.number - 1] != 543);
| 
|   ;
|   return 0;
| }
configure:15351: gcc -std=gnu99 -c -g -O4 -Wall -W  conftest.c >&5
configure:15351: $? = 0
configure:15371: result: -std=gnu99
configure:15382: checking whether gcc -std=gnu99 and cc understand -c and -o together
configure:15413: gcc -std=gnu99 -c conftest.c -o conftest2.o >&5
configure:15417: $? = 0
configure:15423: gcc -std=gnu99 -c conftest.c -o conftest2.o >&5
configure:15427: $? = 0
configure:15438: cc -c conftest.c >&5
configure:15442: $? = 0
configure:15450: cc -c conftest.c -o conftest2.o >&5
configure:15454: $? = 0
configure:15460: cc -c conftest.c -o conftest2.o >&5
configure:15464: $? = 0
configure:15482: result: yes
configure:15513: checking size of unsigned long
configure:15518: gcc -std=gnu99 -o conftest.exe -g -O4 -Wall -W   conftest.c  >&5
configure:15518: $? = 0
configure:15518: ./conftest.exe
configure:15518: $? = 0
configure:15532: result: 4
configure:15549: checking whether gcc -std=gnu99 can compile sse-2 code
configure:15567: gcc -std=gnu99 -c -g -O4 -Wall -W  conftest.c >&5
In file included from conftest.c:24:
/usr/lib/gcc/i686-pc-cygwin/4.3.4/include/emmintrin.h:34:3: error: #error "SSE2 instruction set not enabled"
conftest.c:25: error: expected '=', ',', ';', 'asm' or '__attribute__' before 'x'
configure:15567: $? = 1
configure: failed program was:
| /* confdefs.h */
| #define PACKAGE_NAME "gf2x"
| #define PACKAGE_TARNAME "gf2x"
| #define PACKAGE_VERSION "1.0"
| #define PACKAGE_STRING "gf2x 1.0"
| #define PACKAGE_BUGREPORT ""
| #define PACKAGE_URL ""
| #define PACKAGE "gf2x"
| #define VERSION "1.0"
| #define HAVE_SYS_TYPES_H 1
| #define HAVE_SYS_STAT_H 1
| #define HAVE_STDLIB_H 1
| #define HAVE_STRING_H 1
| #define HAVE_MEMORY_H 1
| #define HAVE_STRINGS_H 1
| #define HAVE_INTTYPES_H 1
| #define HAVE_STDINT_H 1
| #define HAVE_UNISTD_H 1
| #define HAVE_DLFCN_H 1
| #define LT_OBJDIR ".libs/"
| #define SIZEOF_UNSIGNED_LONG 4
| /* end confdefs.h.  */
| 
| #include <emmintrin.h>
| __v2di x;
| int main() {}
| 
configure:15582: gcc -std=gnu99 -c -g -O4 -Wall -W -msse2  conftest.c >&5
configure:15582: $? = 0
configure:15598: result: requires -msse2
configure:15603: checking whether -msse2 is also needed by the preprocessor
configure:15617: gcc -E  conftest.c
In file included from conftest.c:24:
/usr/lib/gcc/i686-pc-cygwin/4.3.4/include/emmintrin.h:34:3: error: #error "SSE2 instruction set not enabled"
configure:15617: $? = 1
configure: failed program was:
| /* confdefs.h */
| #define PACKAGE_NAME "gf2x"
| #define PACKAGE_TARNAME "gf2x"
| #define PACKAGE_VERSION "1.0"
| #define PACKAGE_STRING "gf2x 1.0"
| #define PACKAGE_BUGREPORT ""
| #define PACKAGE_URL ""
| #define PACKAGE "gf2x"
| #define VERSION "1.0"
| #define HAVE_SYS_TYPES_H 1
| #define HAVE_SYS_STAT_H 1
| #define HAVE_STDLIB_H 1
| #define HAVE_STRING_H 1
| #define HAVE_MEMORY_H 1
| #define HAVE_STRINGS_H 1
| #define HAVE_INTTYPES_H 1
| #define HAVE_STDINT_H 1
| #define HAVE_UNISTD_H 1
| #define HAVE_DLFCN_H 1
| #define LT_OBJDIR ".libs/"
| #define SIZEOF_UNSIGNED_LONG 4
| /* end confdefs.h.  */
| 
| #include <emmintrin.h>
| __v2di x;
| int main() {}
| 
configure:15632: gcc -E  -msse2 conftest.c
configure:15632: $? = 0
configure:15647: result: yes
configure:15667: checking whether gcc -std=gnu99 can compile pclmulqdq and if it is supported by the hardware
configure:15700: gcc -std=gnu99 -o conftest.exe -g -O4 -Wall -W -msse2  -msse2  conftest.c  >&5
conftest.c:25:23: error: wmmintrin.h: No such file or directory
conftest.c: In function 'main':
conftest.c:29: error: expected specifier-qualifier-list before '__v2di'
conftest.c:30: error: '__v2di' undeclared (first use in this function)
conftest.c:30: error: (Each undeclared identifier is reported only once
conftest.c:30: error: for each function it appears in.)
conftest.c:30: error: expected ';' before 'xx'
conftest.c:32: error: 'xx' undeclared (first use in this function)
conftest.c:32: error: expected ';' before '{' token
conftest.c:33: error: 'yy' undeclared (first use in this function)
conftest.c:33: error: expected ';' before '{' token
conftest.c:34: error: '__v2di_proxy' has no member named 's'
conftest.c:34: warning: implicit declaration of function '_mm_clmulepi64_si128'
conftest.c:35: error: '__v2di_proxy' has no member named 'x'
configure:15700: $? = 1
configure: program exited with status 1
configure: failed program was:
| /* confdefs.h */
| #define PACKAGE_NAME "gf2x"
| #define PACKAGE_TARNAME "gf2x"
| #define PACKAGE_VERSION "1.0"
| #define PACKAGE_STRING "gf2x 1.0"
| #define PACKAGE_BUGREPORT ""
| #define PACKAGE_URL ""
| #define PACKAGE "gf2x"
| #define VERSION "1.0"
| #define HAVE_SYS_TYPES_H 1
| #define HAVE_SYS_STAT_H 1
| #define HAVE_STDLIB_H 1
| #define HAVE_STRING_H 1
| #define HAVE_MEMORY_H 1
| #define HAVE_STRINGS_H 1
| #define HAVE_INTTYPES_H 1
| #define HAVE_STDINT_H 1
| #define HAVE_UNISTD_H 1
| #define HAVE_DLFCN_H 1
| #define LT_OBJDIR ".libs/"
| #define SIZEOF_UNSIGNED_LONG 4
| #define HAVE_SSE2_SUPPORT 1
| /* end confdefs.h.  */
| 
| #include <wmmintrin.h>
| #include <assert.h>
| int main() {
| assert(sizeof(unsigned long) == 8); /* assume 64-bit */
| typedef union { __v2di s; unsigned long x[2]; } __v2di_proxy;
| __v2di xx, yy;
| __v2di_proxy zz;
| xx = (__v2di) { 23, 0 };
| yy = (__v2di) { 47, 0 };
| zz.s = _mm_clmulepi64_si128(xx, yy, 0);
| return zz.x[0] - 61;
| }
| 
configure:15730: gcc -std=gnu99 -o conftest.exe -g -O4 -Wall -W -msse2 -mpclmul  -msse2  conftest.c  >&5
conftest.c:1: error: pc0 is not valid precision setting (32, 64 or 80)
configure:15730: $? = 1
configure: program exited with status 1
configure: failed program was:
| /* confdefs.h */
| #define PACKAGE_NAME "gf2x"
| #define PACKAGE_TARNAME "gf2x"
| #define PACKAGE_VERSION "1.0"
| #define PACKAGE_STRING "gf2x 1.0"
| #define PACKAGE_BUGREPORT ""
| #define PACKAGE_URL ""
| #define PACKAGE "gf2x"
| #define VERSION "1.0"
| #define HAVE_SYS_TYPES_H 1
| #define HAVE_SYS_STAT_H 1
| #define HAVE_STDLIB_H 1
| #define HAVE_STRING_H 1
| #define HAVE_MEMORY_H 1
| #define HAVE_STRINGS_H 1
| #define HAVE_INTTYPES_H 1
| #define HAVE_STDINT_H 1
| #define HAVE_UNISTD_H 1
| #define HAVE_DLFCN_H 1
| #define LT_OBJDIR ".libs/"
| #define SIZEOF_UNSIGNED_LONG 4
| #define HAVE_SSE2_SUPPORT 1
| /* end confdefs.h.  */
| 
| #include <wmmintrin.h>
| #include <assert.h>
| int main() {
| assert(sizeof(unsigned long) == 8); /* assume 64-bit */
| typedef union { __v2di s; unsigned long x[2]; } __v2di_proxy;
| __v2di xx, yy;
| __v2di_proxy zz;
| xx = (__v2di) { 23, 0 };
| yy = (__v2di) { 47, 0 };
| zz.s = _mm_clmulepi64_si128(xx, yy, 0);
| return zz.x[0] - 61;
| }
| 
configure:15752: result: no
configure:16032: using ABI="default"
configure:16034:       CC="gcc -std=gnu99"
configure:16036:       CFLAGS="-g -O4 -Wall -W -msse2"
configure:16038:       CPPFLAGS=" -msse2"
configure:16040:       hwdir="x86_sse2"
configure:16071: checking the number of bits in an unsigned long
configure:16109: gcc -std=gnu99 -o conftest.exe -g -O4 -Wall -W -msse2  -msse2  conftest.c  >&5
configure:16109: $? = 0
configure:16109: ./conftest.exe
configure:16109: $? = 0
configure:16132: result: 32
configure:16136: checking whether already_tuned/x86_sse2/ is right assuming 32-bits unsigned longs
configure:16141: result: yes
configure:16339: creating ./config.status

## ---------------------- ##
## Running config.status. ##
## ---------------------- ##

This file was extended by gf2x config.status 1.0, which was
generated by GNU Autoconf 2.67.  Invocation command line was

  CONFIG_FILES    = 
  CONFIG_HEADERS  = 
  CONFIG_LINKS    = 
  CONFIG_COMMANDS = 
  $ ./config.status 

on Eli-U-PC

config.status:1176: creating version.sh
config.status:1176: creating Makefile
config.status:1176: creating tests/Makefile
config.status:1176: creating apps/Makefile
config.status:1176: creating src/Makefile
config.status:1176: creating gf2x/gf2x-config.h
config.status:1416: linking already_tuned/x86_sse2/gf2x-thresholds.h to gf2x/gf2x-thresholds.h
config.status:1416: linking already_tuned/x86_sse2/gf2x_mul1.h to gf2x/gf2x_mul1.h
config.status:1416: linking already_tuned/x86_sse2/gf2x_mul2.h to gf2x/gf2x_mul2.h
config.status:1416: linking already_tuned/x86_sse2/gf2x_mul3.h to gf2x/gf2x_mul3.h
config.status:1416: linking already_tuned/x86_sse2/gf2x_mul4.h to gf2x/gf2x_mul4.h
config.status:1416: linking already_tuned/x86_sse2/gf2x_mul5.h to gf2x/gf2x_mul5.h
config.status:1416: linking already_tuned/x86_sse2/gf2x_mul6.h to gf2x/gf2x_mul6.h
config.status:1416: linking already_tuned/x86_sse2/gf2x_mul7.h to gf2x/gf2x_mul7.h
config.status:1416: linking already_tuned/x86_sse2/gf2x_mul8.h to gf2x/gf2x_mul8.h
config.status:1416: linking already_tuned/x86_sse2/gf2x_mul9.h to gf2x/gf2x_mul9.h
config.status:1435: executing depfiles commands
config.status:1435: executing libtool commands

## ---------------- ##
## Cache variables. ##
## ---------------- ##

ac_cv_build=i686-pc-cygwin
ac_cv_c_compiler_gnu=yes
ac_cv_cxx_compiler_gnu=yes
ac_cv_env_CCC_set=
ac_cv_env_CCC_value=
ac_cv_env_CC_set=
ac_cv_env_CC_value=
ac_cv_env_CFLAGS_set=
ac_cv_env_CFLAGS_value=
ac_cv_env_CPPFLAGS_set=
ac_cv_env_CPPFLAGS_value=
ac_cv_env_CPP_set=
ac_cv_env_CPP_value=
ac_cv_env_CXXCPP_set=
ac_cv_env_CXXCPP_value=
ac_cv_env_CXXFLAGS_set=
ac_cv_env_CXXFLAGS_value=
ac_cv_env_CXX_set=
ac_cv_env_CXX_value=
ac_cv_env_LDFLAGS_set=
ac_cv_env_LDFLAGS_value=
ac_cv_env_LIBS_set=
ac_cv_env_LIBS_value=
ac_cv_env_build_alias_set=
ac_cv_env_build_alias_value=
ac_cv_env_host_alias_set=
ac_cv_env_host_alias_value=
ac_cv_env_target_alias_set=
ac_cv_env_target_alias_value=
ac_cv_exeext=.exe
ac_cv_header_dlfcn_h=yes
ac_cv_header_inttypes_h=yes
ac_cv_header_memory_h=yes
ac_cv_header_stdc=no
ac_cv_header_stdint_h=yes
ac_cv_header_stdlib_h=yes
ac_cv_header_string_h=yes
ac_cv_header_strings_h=yes
ac_cv_header_sys_stat_h=yes
ac_cv_header_sys_types_h=yes
ac_cv_header_unistd_h=yes
ac_cv_host=i686-pc-cygwin
ac_cv_objext=o
ac_cv_path_EGREP='/usr/bin/grep -E'
ac_cv_path_FGREP='/usr/bin/grep -F'
ac_cv_path_GREP=/usr/bin/grep
ac_cv_path_SED=/usr/bin/sed
ac_cv_path_install='/usr/bin/install -c'
ac_cv_path_mkdir=/usr/bin/mkdir
ac_cv_prog_AWK=gawk
ac_cv_prog_CPP='gcc -E'
ac_cv_prog_CXXCPP='g++ -E'
ac_cv_prog_ac_ct_AR=ar
ac_cv_prog_ac_ct_CC=gcc
ac_cv_prog_ac_ct_CXX=g++
ac_cv_prog_ac_ct_OBJDUMP=objdump
ac_cv_prog_ac_ct_RANLIB=ranlib
ac_cv_prog_ac_ct_STRIP=strip
ac_cv_prog_cc_c89=
ac_cv_prog_cc_c99=-std=gnu99
ac_cv_prog_cc_g=yes
ac_cv_prog_cc_gcc_c_o=yes
ac_cv_prog_cxx_g=yes
ac_cv_prog_make_make_set=yes
ac_cv_sizeof_unsigned_long=4
ac_cv_target=i686-pc-cygwin
am_cv_CC_dependencies_compiler_type=gcc3
am_cv_CXX_dependencies_compiler_type=gcc3
gf2x_cv_cc_supports_pclmul=no
gf2x_cv_cc_supports_sse2='requires -msse2'
gf2x_cv_cpp_requires_msse2_flag=yes
gf2x_cv_ulongbits=32
lt_cv_deplibs_check_method='file_magic ^x86 archive import|^x86 DLL'
lt_cv_file_magic_cmd=func_win32_libid
lt_cv_file_magic_test_file=
lt_cv_ld_reload_flag=-r
lt_cv_nm_interface='BSD nm'
lt_cv_objdir=.libs
lt_cv_path_LD=/usr/i686-pc-cygwin/bin/ld.exe
lt_cv_path_LDCXX=/usr/i686-pc-cygwin/bin/ld.exe
lt_cv_path_NM='/usr/bin/nm -B'
lt_cv_prog_compiler_c_o=yes
lt_cv_prog_compiler_c_o_CXX=yes
lt_cv_prog_compiler_pic_works=yes
lt_cv_prog_compiler_pic_works_CXX=yes
lt_cv_prog_compiler_rtti_exceptions=no
lt_cv_prog_compiler_static_works=no
lt_cv_prog_compiler_static_works_CXX=no
lt_cv_prog_gnu_ld=yes
lt_cv_prog_gnu_ldcxx=yes
lt_cv_sys_global_symbol_pipe='sed -n -e '\''s/^.*[	 ]\([ABCDGIRSTW][ABCDGIRSTW]*\)[	 ][	 ]*_\([_A-Za-z][_A-Za-z0-9]*\)$/\1 _\2 \2/p'\'''
lt_cv_sys_global_symbol_to_c_name_address='sed -n -e '\''s/^: \([^ ]*\) $/  {\"\1\", (void *) 0},/p'\'' -e '\''s/^[ABCDGIRSTW]* \([^ ]*\) \([^ ]*\)$/  {"\2", (void *) \&\2},/p'\'''
lt_cv_sys_global_symbol_to_c_name_address_lib_prefix='sed -n -e '\''s/^: \([^ ]*\) $/  {\"\1\", (void *) 0},/p'\'' -e '\''s/^[ABCDGIRSTW]* \([^ ]*\) \(lib[^ ]*\)$/  {"\2", (void *) \&\2},/p'\'' -e '\''s/^[ABCDGIRSTW]* \([^ ]*\) \([^ ]*\)$/  {"lib\2", (void *) \&\2},/p'\'''
lt_cv_sys_global_symbol_to_cdecl='sed -n -e '\''s/^T .* \(.*\)$/extern int \1();/p'\'' -e '\''s/^[ABCDGIRSTW]* .* \(.*\)$/extern char \1;/p'\'''
lt_cv_sys_max_cmd_len=8192

## ----------------- ##
## Output variables. ##
## ----------------- ##

ACLOCAL='${SHELL} /cygdrive/c/users/eli-u/downloads/gf2x-1.0/config/missing --run aclocal-1.11'
AMDEPBACKSLASH='\'
AMDEP_FALSE='#'
AMDEP_TRUE=''
AMTAR='${SHELL} /cygdrive/c/users/eli-u/downloads/gf2x-1.0/config/missing --run tar'
AR='ar'
AUTOCONF='${SHELL} /cygdrive/c/users/eli-u/downloads/gf2x-1.0/config/missing --run autoconf'
AUTOHEADER='${SHELL} /cygdrive/c/users/eli-u/downloads/gf2x-1.0/config/missing --run autoheader'
AUTOMAKE='${SHELL} /cygdrive/c/users/eli-u/downloads/gf2x-1.0/config/missing --run automake-1.11'
AWK='gawk'
CC='gcc -std=gnu99'
CCDEPMODE='depmode=gcc3'
CFLAGS='-g -O4 -Wall -W -msse2'
CPP='gcc -E'
CPPFLAGS=' -msse2'
CXX='g++'
CXXCPP='g++ -E'
CXXDEPMODE='depmode=gcc3'
CXXFLAGS='-g -O2 -Wall -W'
CYGPATH_W='cygpath -w'
DEFS='-DHAVE_CONFIG_H'
DEPDIR='.deps'
DSYMUTIL=''
DUMPBIN=''
ECHO_C=''
ECHO_N='-n'
ECHO_T=''
EGREP='/usr/bin/grep -E'
ENABLE_NTL_CHECKS_FALSE=''
ENABLE_NTL_CHECKS_TRUE='#'
EXEEXT='.exe'
FGREP='/usr/bin/grep -F'
GF2X_32BIT_SOURCES_FALSE='#'
GF2X_32BIT_SOURCES_TRUE=''
GF2X_64BIT_SOURCES_FALSE=''
GF2X_64BIT_SOURCES_TRUE='#'
GF2X_PCLMUL_AVAILABLE_FALSE=''
GF2X_PCLMUL_AVAILABLE_TRUE='#'
GF2X_SSE2_AVAILABLE_FALSE='#'
GF2X_SSE2_AVAILABLE_TRUE=''
GF2X_WORDSIZE='32'
GREP='/usr/bin/grep'
INSTALL_DATA='${INSTALL} -m 644'
INSTALL_PROGRAM='${INSTALL}'
INSTALL_SCRIPT='${INSTALL}'
INSTALL_STRIP_PROGRAM='$(install_sh) -c -s'
LD='/usr/i686-pc-cygwin/bin/ld.exe'
LDFLAGS=''
LIBOBJS=''
LIBS=''
LIBTOOL='$(SHELL) $(top_builddir)/libtool'
LIPO=''
LN_S='ln -s'
LTLIBOBJS=''
MAKEINFO='${SHELL} /cygdrive/c/users/eli-u/downloads/gf2x-1.0/config/missing --run makeinfo'
MKDIR_P='/usr/bin/mkdir -p'
NM='/usr/bin/nm -B'
NMEDIT=''
OBJDUMP='objdump'
OBJEXT='o'
OTOOL64=''
OTOOL=''
PACKAGE='gf2x'
PACKAGE_BUGREPORT=''
PACKAGE_NAME='gf2x'
PACKAGE_STRING='gf2x 1.0'
PACKAGE_TARNAME='gf2x'
PACKAGE_URL=''
PACKAGE_VERSION='1.0'
PATH_SEPARATOR=':'
RANLIB='ranlib'
SED='/usr/bin/sed'
SET_MAKE=''
SHELL='/bin/sh'
STRIP='strip'
VERSION='1.0'
ac_ct_CC='gcc'
ac_ct_CXX='g++'
ac_ct_DUMPBIN=''
am__EXEEXT_FALSE='#'
am__EXEEXT_TRUE=''
am__fastdepCC_FALSE='#'
am__fastdepCC_TRUE=''
am__fastdepCXX_FALSE='#'
am__fastdepCXX_TRUE=''
am__include='include'
am__isrc=''
am__leading_dot='.'
am__quote=''
am__tar='${AMTAR} chof - "$$tardir"'
am__untar='${AMTAR} xf -'
bindir='${exec_prefix}/bin'
build='i686-pc-cygwin'
build_alias=''
build_cpu='i686'
build_os='cygwin'
build_vendor='pc'
datadir='${datarootdir}'
datarootdir='${prefix}/share'
docdir='${datarootdir}/doc/${PACKAGE_TARNAME}'
dvidir='${docdir}'
exec_prefix='${prefix}'
gf2x_lib_version='1:0:0'
host='i686-pc-cygwin'
host_alias=''
host_cpu='i686'
host_os='cygwin'
host_vendor='pc'
htmldir='${docdir}'
includedir='${prefix}/include'
infodir='${datarootdir}/info'
install_sh='${SHELL} /cygdrive/c/users/eli-u/downloads/gf2x-1.0/config/install-sh'
libdir='${exec_prefix}/lib'
libexecdir='${exec_prefix}/libexec'
localedir='${datarootdir}/locale'
localstatedir='${prefix}/var'
lt_ECHO='echo'
mandir='${datarootdir}/man'
mkdir_p='/usr/bin/mkdir -p'
oldincludedir='/usr/include'
pdfdir='${docdir}'
prefix='/usr/local'
program_transform_name='s,x,x,'
psdir='${docdir}'
sbindir='${exec_prefix}/sbin'
sharedstatedir='${prefix}/com'
sysconfdir='${prefix}/etc'
target='i686-pc-cygwin'
target_alias=''
target_cpu='i686'
target_os='cygwin'
target_vendor='pc'

## ----------- ##
## confdefs.h. ##
## ----------- ##

/* confdefs.h */
#define PACKAGE_NAME "gf2x"
#define PACKAGE_TARNAME "gf2x"
#define PACKAGE_VERSION "1.0"
#define PACKAGE_STRING "gf2x 1.0"
#define PACKAGE_BUGREPORT ""
#define PACKAGE_URL ""
#define PACKAGE "gf2x"
#define VERSION "1.0"
#define HAVE_SYS_TYPES_H 1
#define HAVE_SYS_STAT_H 1
#define HAVE_STDLIB_H 1
#define HAVE_STRING_H 1
#define HAVE_MEMORY_H 1
#define HAVE_STRINGS_H 1
#define HAVE_INTTYPES_H 1
#define HAVE_STDINT_H 1
#define HAVE_UNISTD_H 1
#define HAVE_DLFCN_H 1
#define LT_OBJDIR ".libs/"
#define SIZEOF_UNSIGNED_LONG 4
#define HAVE_SSE2_SUPPORT 1

configure: exit 0
